# JRE version: Java(TM) SE Runtime Environment (8.0_112-b15) (build 1.8.0_112-b15)
# Java VM: Java HotSpot(TM) 64-Bit Server VM (25.112-b15 mixed mode linux-amd64 compressed oops)
Heap:
 PSYoungGen      total 45568K, used 27349K [0x000000076ab00000, 0x000000076e800000, 0x00000007c0000000)
  eden space 34304K, 46% used [0x000000076ab00000,0x000000076baba650,0x000000076cc80000)
  from space 11264K, 99% used [0x000000076d980000,0x000000076e47b168,0x000000076e480000)
  to   space 13312K, 0% used [0x000000076cc80000,0x000000076cc80000,0x000000076d980000)
 ParOldGen       total 70144K, used 19522K [0x00000006c0000000, 0x00000006c4480000, 0x000000076ab00000)
  object space 70144K, 27% used [0x00000006c0000000,0x00000006c1310b80,0x00000006c4480000)
 Metaspace       used 47660K, capacity 51738K, committed 51840K, reserved 1093632K
  class space    used 5700K, capacity 6994K, committed 7040K, reserved 1048576K
GC Heap History (10 events):
Event: 4.832 GC heap before
{Heap before GC invocations=8 (full 1):
 PSYoungGen      total 30208K, used 20521K [0x000000076ab00000, 0x000000076d580000, 0x00000007c0000000)
  eden space 20992K, 57% used [0x000000076ab00000,0x000000076b6da548,0x000000076bf80000)
  from space 9216K, 90% used [0x000000076c900000,0x000000076d12fef8,0x000000076d200000)
  to   space 9728K, 0% used [0x000000076bf80000,0x000000076bf80000,0x000000076c900000)
 ParOldGen       total 50688K, used 19552K [0x00000006c0000000, 0x00000006c3180000, 0x000000076ab00000)
  object space 50688K, 38% used [0x00000006c0000000,0x00000006c1318080,0x00000006c3180000)
 Metaspace       used 32442K, capacity 35274K, committed 35416K, reserved 1081344K
  class space    used 3685K, capacity 4512K, committed 4608K, reserved 1048576K
Event: 4.837 GC heap after
Heap after GC invocations=8 (full 1):
 PSYoungGen      total 30720K, used 7584K [0x000000076ab00000, 0x000000076db80000, 0x00000007c0000000)
  eden space 20992K, 0% used [0x000000076ab00000,0x000000076ab00000,0x000000076bf80000)
  from space 9728K, 77% used [0x000000076bf80000,0x000000076c6e80a0,0x000000076c900000)
  to   space 9728K, 0% used [0x000000076d200000,0x000000076d200000,0x000000076db80000)
 ParOldGen       total 50688K, used 19560K [0x00000006c0000000, 0x00000006c3180000, 0x000000076ab00000)
  object space 50688K, 38% used [0x00000006c0000000,0x00000006c131a080,0x00000006c3180000)
 Metaspace       used 32442K, capacity 35274K, committed 35416K, reserved 1081344K
  class space    used 3685K, capacity 4512K, committed 4608K, reserved 1048576K
}
Event: 4.837 GC heap before
{Heap before GC invocations=9 (full 2):
 PSYoungGen      total 30720K, used 7584K [0x000000076ab00000, 0x000000076db80000, 0x00000007c0000000)
  eden space 20992K, 0% used [0x000000076ab00000,0x000000076ab00000,0x000000076bf80000)
  from space 9728K, 77% used [0x000000076bf80000,0x000000076c6e80a0,0x000000076c900000)
  to   space 9728K, 0% used [0x000000076d200000,0x000000076d200000,0x000000076db80000)
 ParOldGen       total 50688K, used 19560K [0x00000006c0000000, 0x00000006c3180000, 0x000000076ab00000)
  object space 50688K, 38% used [0x00000006c0000000,0x00000006c131a080,0x00000006c3180000)
 Metaspace       used 32442K, capacity 35274K, committed 35416K, reserved 1081344K
  class space    used 3685K, capacity 4512K, committed 4608K, reserved 1048576K
Event: 4.877 GC heap after
Heap after GC invocations=9 (full 2):
 PSYoungGen      total 30720K, used 0K [0x000000076ab00000, 0x000000076db80000, 0x00000007c0000000)
  eden space 20992K, 0% used [0x000000076ab00000,0x000000076ab00000,0x000000076bf80000)
  from space 9728K, 0% used [0x000000076bf80000,0x000000076bf80000,0x000000076c900000)
  to   space 9728K, 0% used [0x000000076d200000,0x000000076d200000,0x000000076db80000)
 ParOldGen       total 70144K, used 17255K [0x00000006c0000000, 0x00000006c4480000, 0x000000076ab00000)
  object space 70144K, 24% used [0x00000006c0000000,0x00000006c10d9d40,0x00000006c4480000)
 Metaspace       used 32442K, capacity 35274K, committed 35416K, reserved 1081344K
  class space    used 3685K, capacity 4512K, committed 4608K, reserved 1048576K
}
Event: 5.429 GC heap before
{Heap before GC invocations=10 (full 2):
 PSYoungGen      total 30720K, used 20992K [0x000000076ab00000, 0x000000076db80000, 0x00000007c0000000)
  eden space 20992K, 100% used [0x000000076ab00000,0x000000076bf80000,0x000000076bf80000)
  from space 9728K, 0% used [0x000000076bf80000,0x000000076bf80000,0x000000076c900000)
  to   space 9728K, 0% used [0x000000076d200000,0x000000076d200000,0x000000076db80000)
 ParOldGen       total 70144K, used 17255K [0x00000006c0000000, 0x00000006c4480000, 0x000000076ab00000)
  object space 70144K, 24% used [0x00000006c0000000,0x00000006c10d9d40,0x00000006c4480000)
 Metaspace       used 33942K, capacity 36780K, committed 37080K, reserved 1081344K
  class space    used 3865K, capacity 4674K, committed 4736K, reserved 1048576K
Event: 5.436 GC heap after
Heap after GC invocations=10 (full 2):
 PSYoungGen      total 39424K, used 3240K [0x000000076ab00000, 0x000000076dc00000, 0x00000007c0000000)
  eden space 29696K, 0% used [0x000000076ab00000,0x000000076ab00000,0x000000076c800000)
  from space 9728K, 33% used [0x000000076d200000,0x000000076d52a2e0,0x000000076db80000)
  to   space 10240K, 0% used [0x000000076c800000,0x000000076c800000,0x000000076d200000)
 ParOldGen       total 70144K, used 17263K [0x00000006c0000000, 0x00000006c4480000, 0x000000076ab00000)
  object space 70144K, 24% used [0x00000006c0000000,0x00000006c10dbd40,0x00000006c4480000)
 Metaspace       used 33942K, capacity 36780K, committed 37080K, reserved 1081344K
  class space    used 3865K, capacity 4674K, committed 4736K, reserved 1048576K
}
Event: 6.649 GC heap before
{Heap before GC invocations=11 (full 2):
 PSYoungGen      total 39424K, used 32936K [0x000000076ab00000, 0x000000076dc00000, 0x00000007c0000000)
  eden space 29696K, 100% used [0x000000076ab00000,0x000000076c800000,0x000000076c800000)
  from space 9728K, 33% used [0x000000076d200000,0x000000076d52a2e0,0x000000076db80000)
  to   space 10240K, 0% used [0x000000076c800000,0x000000076c800000,0x000000076d200000)
 ParOldGen       total 70144K, used 17263K [0x00000006c0000000, 0x00000006c4480000, 0x000000076ab00000)
  object space 70144K, 24% used [0x00000006c0000000,0x00000006c10dbd40,0x00000006c4480000)
 Metaspace       used 38922K, capacity 42568K, committed 42624K, reserved 1085440K
  class space    used 4537K, capacity 5715K, committed 5760K, reserved 1048576K
Event: 6.655 GC heap after
Heap after GC invocations=11 (full 2):
 PSYoungGen      total 39936K, used 10232K [0x000000076ab00000, 0x000000076e480000, 0x00000007c0000000)
  eden space 29696K, 0% used [0x000000076ab00000,0x000000076ab00000,0x000000076c800000)
  from space 10240K, 99% used [0x000000076c800000,0x000000076d1fe320,0x000000076d200000)
  to   space 11264K, 0% used [0x000000076d980000,0x000000076d980000,0x000000076e480000)
 ParOldGen       total 70144K, used 17602K [0x00000006c0000000, 0x00000006c4480000, 0x000000076ab00000)
  object space 70144K, 25% used [0x00000006c0000000,0x00000006c1130ac8,0x00000006c4480000)
 Metaspace       used 38922K, capacity 42568K, committed 42624K, reserved 1085440K
  class space    used 4537K, capacity 5715K, committed 5760K, reserved 1048576K
}
Event: 9.173 GC heap before
{Heap before GC invocations=12 (full 2):
 PSYoungGen      total 39936K, used 39928K [0x000000076ab00000, 0x000000076e480000, 0x00000007c0000000)
  eden space 29696K, 100% used [0x000000076ab00000,0x000000076c800000,0x000000076c800000)
  from space 10240K, 99% used [0x000000076c800000,0x000000076d1fe320,0x000000076d200000)
  to   space 11264K, 0% used [0x000000076d980000,0x000000076d980000,0x000000076e480000)
 ParOldGen       total 70144K, used 17602K [0x00000006c0000000, 0x00000006c4480000, 0x000000076ab00000)
  object space 70144K, 25% used [0x00000006c0000000,0x00000006c1130ac8,0x00000006c4480000)
 Metaspace       used 44225K, capacity 48182K, committed 48256K, reserved 1091584K
  class space    used 5238K, capacity 6482K, committed 6528K, reserved 1048576K
Event: 9.181 GC heap after
Heap after GC invocations=12 (full 2):
 PSYoungGen      total 45568K, used 11244K [0x000000076ab00000, 0x000000076e800000, 0x00000007c0000000)
  eden space 34304K, 0% used [0x000000076ab00000,0x000000076ab00000,0x000000076cc80000)
  from space 11264K, 99% used [0x000000076d980000,0x000000076e47b168,0x000000076e480000)
  to   space 13312K, 0% used [0x000000076cc80000,0x000000076cc80000,0x000000076d980000)
 ParOldGen       total 70144K, used 19522K [0x00000006c0000000, 0x00000006c4480000, 0x000000076ab00000)
  object space 70144K, 27% used [0x00000006c0000000,0x00000006c1310b80,0x00000006c4480000)
 Metaspace       used 44225K, capacity 48182K, committed 48256K, reserved 1091584K
  class space    used 5238K, capacity 6482K, committed 6528K, reserved 1048576K
}

